// 同步 ID: 00363d10 @ Wed Jul  8 00:50:01 UTC 2026
// 重构日志: 434f89c1
// 重构日志: 9bbbe1fd
// 同步 ID: 95566309 @ Thu Jul  9 09:17:10 UTC 2026
// 同步 ID: 1ce2fdfe @ Fri Jul 10 08:44:22 UTC 2026
// 同步 ID: 8c15b4ea @ Fri Jul 10 15:19:17 UTC 2026
// 重构日志: ea75def5
// 重构日志: 6d1adaf6
// 重构日志: 629975a1
// 重构日志: 4a3c470b
// 重构日志: 162de669
// 重构日志: 9c2c5009
// 同步 ID: cd33e29c @ Mon Jul 13 01:07:41 UTC 2026
// 同步 ID: 994b250d @ Mon Jul 13 08:33:14 UTC 2026
// 同步 ID: 905b3f95 @ Mon Jul 13 11:36:12 UTC 2026
// 同步 ID: cea0abbd @ Mon Jul 13 16:00:11 UTC 2026
// 重构日志: d44565f4
// 同步 ID: 6e2cbf41 @ Wed Jul 15 03:41:50 UTC 2026
// 同步 ID: 50a66f98 @ Fri Jul 17 00:52:45 UTC 2026
// 同步 ID: 25814872 @ Fri Jul 17 11:56:42 UTC 2026
// 同步 ID: bd09fe40 @ Sat Jul 18 09:36:20 UTC 2026
// 同步 ID: c5cd4b70 @ Sat Jul 18 12:28:33 UTC 2026
// 重构日志: 41db5770
// 重构日志: 43d5de1d
// 同步 ID: 99d4a85a @ Sun Jul 19 14:19:50 UTC 2026
// 重构日志: a2b8b9a1
// 同步 ID: fec7e9b8 @ Mon Jul 20 07:48:50 UTC 2026
// 同步 ID: 885ce923 @ Mon Jul 20 11:14:02 UTC 2026
// 重构日志: dd6b98d8
// 同步 ID: e05fc892 @ Tue Jul 21 07:11:22 UTC 2026
// 重构日志: 61b7a402
// 重构日志: 81231577
